[debug] [2022-11-01T07:29:01.917Z] ----------------------------------------------------------------------
[debug] [2022-11-01T07:29:01.918Z] Command:       C:\Program Files\nodejs\node.exe C:\Users\chiba\AppData\Roaming\npm\node_modules\firebase-tools\lib\bin\firebase.js init
[debug] [2022-11-01T07:29:01.918Z] CLI Version:   11.15.0
[debug] [2022-11-01T07:29:01.919Z] Platform:      win32
[debug] [2022-11-01T07:29:01.919Z] Node Version:  v16.17.0
[debug] [2022-11-01T07:29:01.919Z] Time:          Tue Nov 01 2022 08:29:01 GMT+0100 (GMT+02:00)
[debug] [2022-11-01T07:29:01.920Z] ----------------------------------------------------------------------
[debug] 
[debug] [2022-11-01T07:29:01.925Z] > command requires scopes: ["email","openid","https://www.googleapis.com/auth/cloudplatformprojects.readonly","https://www.googleapis.com/auth/firebase","https://www.googleapis.com/auth/cloud-platform"]
[debug] [2022-11-01T07:29:01.925Z] > authorizing via signed-in user (mohamedchibani1996@gmail.com)
[info] 
     ######## #### ########  ######## ########     ###     ######  ########
     ##        ##  ##     ## ##       ##     ##  ##   ##  ##       ##
     ######    ##  ########  ######   ########  #########  ######  ######
     ##        ##  ##    ##  ##       ##     ## ##     ##       ## ##
     ##       #### ##     ## ######## ########  ##     ##  ######  ########

You're about to initialize a Firebase project in this directory:

  D:\FF SUPPORT\Angular\Maximilian Schwarzmüller\auth-01-auth-component

[info] 
=== Project Setup
[info] 
[info] First, let's associate this project directory with a Firebase project.
[info] You can create multiple project aliases by running firebase use --add, 
[info] but for now we'll just set up a default project.
[info] 
[debug] [2022-11-01T07:29:14.005Z] >>> [apiv2][query] GET https://firebase.googleapis.com/v1beta1/projects pageSize=100
[debug] [2022-11-01T07:29:14.731Z] <<< [apiv2][status] GET https://firebase.googleapis.com/v1beta1/projects 200
[debug] [2022-11-01T07:29:14.731Z] <<< [apiv2][body] GET https://firebase.googleapis.com/v1beta1/projects [omitted]
[info] i  Using project ng-recipe-book-c615f (ng-recipe-book) 
[info] 
=== Hosting Setup
[info] 
[info] Your public directory is the folder (relative to your project directory) that
[info] will contain Hosting assets to be uploaded with firebase deploy. If you
[info] have a build process for your assets, use your build's output directory.
[info] 
[debug] [2022-11-01T07:31:40.849Z] >>> [apiv2][query] GET https://www.gstatic.com/firebasejs/releases.json [none]
[debug] [2022-11-01T07:31:40.967Z] <<< [apiv2][status] GET https://www.gstatic.com/firebasejs/releases.json 200
[debug] [2022-11-01T07:31:40.968Z] <<< [apiv2][body] GET https://www.gstatic.com/firebasejs/releases.json {"current":{"version":"9.13.0","browserURL":"https://www.gstatic.com/firebasejs/9.13.0/firebase.js","packageURL":"https://www.gstatic.com/firebasejs/9.13.0/firebase.tgz"},"live":{"version":"9.13","browserURL":"https://www.gstatic.com/firebasejs/live/9.13/firebase.js","packageURL":"https://www.gstatic.com/firebasejs/live/9.13/firebase.tgz"},"components":{"analytics":"https://www.gstatic.com/firebasejs/9.13.0/firebase-analytics.js","app":"https://www.gstatic.com/firebasejs/9.13.0/firebase-app.js","app-check":"https://www.gstatic.com/firebasejs/9.13.0/firebase-app-check.js","auth":"https://www.gstatic.com/firebasejs/9.13.0/firebase-auth.js","auth/cordova":"https://www.gstatic.com/firebasejs/9.13.0/firebase-auth/cordova.js","auth/react-native":"https://www.gstatic.com/firebasejs/9.13.0/firebase-auth/react-native.js","functions":"https://www.gstatic.com/firebasejs/9.13.0/firebase-functions.js","firestore":"https://www.gstatic.com/firebasejs/9.13.0/firebase-firestore.js","firestore/lite":"https://www.gstatic.com/firebasejs/9.13.0/firebase-firestore/lite.js","installations":"https://www.gstatic.com/firebasejs/9.13.0/firebase-installations.js","storage":"https://www.gstatic.com/firebasejs/9.13.0/firebase-storage.js","performance":"https://www.gstatic.com/firebasejs/9.13.0/firebase-performance.js","remote-config":"https://www.gstatic.com/firebasejs/9.13.0/firebase-remote-config.js","messaging":"https://www.gstatic.com/firebasejs/9.13.0/firebase-messaging.js","messaging/sw":"https://www.gstatic.com/firebasejs/9.13.0/firebase-messaging/sw.js","database":"https://www.gstatic.com/firebasejs/9.13.0/firebase-database.js","firestore.memory":"https://www.gstatic.com/firebasejs/9.13.0/firebase-firestore.memory.js"}}
[info] i  Skipping write of dist/first-app/index.html 
[info] 
[info] i  Detected a .git folder at D:\FF SUPPORT\Angular\Maximilian Schwarzmüller\auth-01-auth-component 
[info] i  Authorizing with GitHub to upload your service account to a GitHub repository's secrets store. 
[info] 
[info] Visit this URL on this device to log in:
[info] https://github.com/login/oauth/authorize?client_id=89cf50f02ac6aaed3484&state=1063279860&redirect_uri=http%3A%2F%2Flocalhost%3A9005&scope=read%3Auser%20repo%20public_repo
[info] 
[info] Waiting for authentication...
[debug] [2022-11-01T07:32:06.761Z] >>> [apiv2][query] POST https://github.com/login/oauth/access_token [none]
[debug] [2022-11-01T07:32:06.762Z] >>> [apiv2][body] POST https://github.com/login/oauth/access_token [stream]
[debug] [2022-11-01T07:32:07.135Z] <<< [apiv2][status] POST https://github.com/login/oauth/access_token 200
[debug] [2022-11-01T07:32:07.135Z] <<< [apiv2][body] POST https://github.com/login/oauth/access_token {"access_token":"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","token_type":"bearer","scope":"read:user,repo"}
[debug] [2022-11-01T07:32:07.139Z] >>> [apiv2][query] GET https://api.github.com/user [none]
[debug] [2022-11-01T07:32:07.510Z] <<< [apiv2][status] GET https://api.github.com/user 200
[debug] [2022-11-01T07:32:07.510Z] <<< [apiv2][body] GET https://api.github.com/user {"login":"mohamedchibani","id":41089034,"node_id":"MDQ6VXNlcjQxMDg5MDM0","avatar_url":"https://avatars.githubusercontent.com/u/41089034?v=4","gravatar_id":"","url":"https://api.github.com/users/mohamedchibani","html_url":"https://github.com/mohamedchibani","followers_url":"https://api.github.com/users/mohamedchibani/followers","following_url":"https://api.github.com/users/mohamedchibani/following{/other_user}","gists_url":"https://api.github.com/users/mohamedchibani/gists{/gist_id}","starred_url":"https://api.github.com/users/mohamedchibani/starred{/owner}{/repo}","subscriptions_url":"https://api.github.com/users/mohamedchibani/subscriptions","organizations_url":"https://api.github.com/users/mohamedchibani/orgs","repos_url":"https://api.github.com/users/mohamedchibani/repos","events_url":"https://api.github.com/users/mohamedchibani/events{/privacy}","received_events_url":"https://api.github.com/users/mohamedchibani/received_events","type":"User","site_admin":false,"name":"Mohamed CHIBANI","company":null,"blog":"","location":"Casablanca - Morocco","email":null,"hireable":null,"bio":"Software Engineer","twitter_username":null,"public_repos":9,"public_gists":0,"followers":4,"following":1,"created_at":"2018-07-10T22:10:33Z","updated_at":"2022-11-01T07:32:02Z","private_gists":0,"total_private_repos":38,"owned_private_repos":38,"disk_usage":464971,"collaborators":2,"two_factor_authentication":false,"plan":{"name":"free","space":976562499,"collaborators":0,"private_repos":10000}}
[info] 
[info] +  Success! Logged into GitHub as mohamedchibani 
[info] 
[debug] [2022-11-01T07:32:26.529Z] >>> [apiv2][query] GET https://api.github.com/repos//actions/secrets/public-key type=owner
[debug] [2022-11-01T07:32:26.838Z] <<< [apiv2][status] GET https://api.github.com/repos//actions/secrets/public-key 404
[debug] [2022-11-01T07:32:26.839Z] <<< [apiv2][body] GET https://api.github.com/repos//actions/secrets/public-key {"message":"Not Found","documentation_url":"https://docs.github.com/rest"}
[debug] [2022-11-01T07:32:49.280Z] >>> [apiv2][query] GET https://api.github.com/repos/ng-recipes-hosting/actions/secrets/public-key type=owner
[debug] [2022-11-01T07:32:49.608Z] <<< [apiv2][status] GET https://api.github.com/repos/ng-recipes-hosting/actions/secrets/public-key 404
[debug] [2022-11-01T07:32:49.608Z] <<< [apiv2][body] GET https://api.github.com/repos/ng-recipes-hosting/actions/secrets/public-key {"message":"Not Found","documentation_url":"https://docs.github.com/rest"}
